<?xml version="1.0" encoding="UTF-8"?>
<testsuite xmlns:xsi="http://www.w3.org/2001/XMLSchema-instance" xsi:noNamespaceSchemaLocation="https://maven.apache.org/surefire/maven-surefire-plugin/xsd/surefire-test-report.xsd" name="com.test.AppTest" time="0.087" tests="1" errors="0" skipped="0" failures="0">
  <properties>
    <property name="sonar.projectName" value="ritesh"/>
    <property name="java.specification.version" value="17"/>
    <property name="sonar.host.url" value="http://135.181.0.42:9001"/>
    <property name="sun.jnu.encoding" value="UTF-8"/>
    <property name="java.class.path" value="/home/noida/eclipse-workspace/test/target/test-classes:/home/noida/eclipse-workspace/test/target/classes:/home/noida/.m2/repository/org/apache/poi/poi/4.1.0/poi-4.1.0.jar:/home/noida/.m2/repository/commons-codec/commons-codec/1.12/commons-codec-1.12.jar:/home/noida/.m2/repository/org/apache/commons/commons-collections4/4.3/commons-collections4-4.3.jar:/home/noida/.m2/repository/org/apache/commons/commons-math3/3.6.1/commons-math3-3.6.1.jar:/home/noida/.m2/repository/org/apache/poi/poi-ooxml/4.1.0/poi-ooxml-4.1.0.jar:/home/noida/.m2/repository/org/apache/poi/poi-ooxml-schemas/4.1.0/poi-ooxml-schemas-4.1.0.jar:/home/noida/.m2/repository/org/apache/xmlbeans/xmlbeans/3.1.0/xmlbeans-3.1.0.jar:/home/noida/.m2/repository/org/apache/commons/commons-compress/1.18/commons-compress-1.18.jar:/home/noida/.m2/repository/com/github/virtuald/curvesapi/1.06/curvesapi-1.06.jar:/home/noida/.m2/repository/net/sf/sociaal/freetts/1.2.2/freetts-1.2.2.jar:/home/noida/.m2/repository/org/apache/camel/camel-jackson/3.22.0/camel-jackson-3.22.0.jar:/home/noida/.m2/repository/org/apache/camel/camel-core-engine/3.22.0/camel-core-engine-3.22.0.jar:/home/noida/.m2/repository/org/apache/camel/camel-api/3.22.0/camel-api-3.22.0.jar:/home/noida/.m2/repository/org/slf4j/slf4j-api/1.7.36/slf4j-api-1.7.36.jar:/home/noida/.m2/repository/jakarta/xml/bind/jakarta.xml.bind-api/2.3.3/jakarta.xml.bind-api-2.3.3.jar:/home/noida/.m2/repository/jakarta/activation/jakarta.activation-api/1.2.2/jakarta.activation-api-1.2.2.jar:/home/noida/.m2/repository/org/apache/camel/camel-base-engine/3.22.0/camel-base-engine-3.22.0.jar:/home/noida/.m2/repository/org/apache/camel/camel-base/3.22.0/camel-base-3.22.0.jar:/home/noida/.m2/repository/org/apache/camel/camel-core-reifier/3.22.0/camel-core-reifier-3.22.0.jar:/home/noida/.m2/repository/org/apache/camel/camel-core-model/3.22.0/camel-core-model-3.22.0.jar:/home/noida/.m2/repository/org/apache/camel/camel-core-processor/3.22.0/camel-core-processor-3.22.0.jar:/home/noida/.m2/repository/org/apache/camel/camel-management-api/3.22.0/camel-management-api-3.22.0.jar:/home/noida/.m2/repository/org/apache/camel/camel-support/3.22.0/camel-support-3.22.0.jar:/home/noida/.m2/repository/org/apache/camel/camel-util-json/3.22.0/camel-util-json-3.22.0.jar:/home/noida/.m2/repository/org/apache/camel/camel-util/3.22.0/camel-util-3.22.0.jar:/home/noida/.m2/repository/com/fasterxml/jackson/core/jackson-databind/2.14.3/jackson-databind-2.14.3.jar:/home/noida/.m2/repository/com/fasterxml/jackson/core/jackson-annotations/2.14.3/jackson-annotations-2.14.3.jar:/home/noida/.m2/repository/com/fasterxml/jackson/core/jackson-core/2.14.3/jackson-core-2.14.3.jar:/home/noida/.m2/repository/junit/junit/4.11/junit-4.11.jar:/home/noida/.m2/repository/org/hamcrest/hamcrest-core/1.3/hamcrest-core-1.3.jar:"/>
    <property name="java.vm.vendor" value="Private Build"/>
    <property name="sun.arch.data.model" value="64"/>
    <property name="java.vendor.url" value="Unknown"/>
    <property name="os.name" value="Linux"/>
    <property name="java.vm.specification.version" value="17"/>
    <property name="sun.java.launcher" value="SUN_STANDARD"/>
    <property name="user.country" value="IN"/>
    <property name="sun.boot.library.path" value="/usr/lib/jvm/java-17-openjdk-amd64/lib"/>
    <property name="sun.java.command" value="/home/noida/eclipse-workspace/test/target/surefire/surefirebooter16272781789291953372.jar /home/noida/eclipse-workspace/test/target/surefire 2024-03-21T14-15-12_928-jvmRun1 surefire6794944841384115833tmp surefire_05433747968869825890tmp"/>
    <property name="jdk.debug" value="release"/>
    <property name="surefire.test.class.path" value="/home/noida/eclipse-workspace/test/target/test-classes:/home/noida/eclipse-workspace/test/target/classes:/home/noida/.m2/repository/org/apache/poi/poi/4.1.0/poi-4.1.0.jar:/home/noida/.m2/repository/commons-codec/commons-codec/1.12/commons-codec-1.12.jar:/home/noida/.m2/repository/org/apache/commons/commons-collections4/4.3/commons-collections4-4.3.jar:/home/noida/.m2/repository/org/apache/commons/commons-math3/3.6.1/commons-math3-3.6.1.jar:/home/noida/.m2/repository/org/apache/poi/poi-ooxml/4.1.0/poi-ooxml-4.1.0.jar:/home/noida/.m2/repository/org/apache/poi/poi-ooxml-schemas/4.1.0/poi-ooxml-schemas-4.1.0.jar:/home/noida/.m2/repository/org/apache/xmlbeans/xmlbeans/3.1.0/xmlbeans-3.1.0.jar:/home/noida/.m2/repository/org/apache/commons/commons-compress/1.18/commons-compress-1.18.jar:/home/noida/.m2/repository/com/github/virtuald/curvesapi/1.06/curvesapi-1.06.jar:/home/noida/.m2/repository/net/sf/sociaal/freetts/1.2.2/freetts-1.2.2.jar:/home/noida/.m2/repository/org/apache/camel/camel-jackson/3.22.0/camel-jackson-3.22.0.jar:/home/noida/.m2/repository/org/apache/camel/camel-core-engine/3.22.0/camel-core-engine-3.22.0.jar:/home/noida/.m2/repository/org/apache/camel/camel-api/3.22.0/camel-api-3.22.0.jar:/home/noida/.m2/repository/org/slf4j/slf4j-api/1.7.36/slf4j-api-1.7.36.jar:/home/noida/.m2/repository/jakarta/xml/bind/jakarta.xml.bind-api/2.3.3/jakarta.xml.bind-api-2.3.3.jar:/home/noida/.m2/repository/jakarta/activation/jakarta.activation-api/1.2.2/jakarta.activation-api-1.2.2.jar:/home/noida/.m2/repository/org/apache/camel/camel-base-engine/3.22.0/camel-base-engine-3.22.0.jar:/home/noida/.m2/repository/org/apache/camel/camel-base/3.22.0/camel-base-3.22.0.jar:/home/noida/.m2/repository/org/apache/camel/camel-core-reifier/3.22.0/camel-core-reifier-3.22.0.jar:/home/noida/.m2/repository/org/apache/camel/camel-core-model/3.22.0/camel-core-model-3.22.0.jar:/home/noida/.m2/repository/org/apache/camel/camel-core-processor/3.22.0/camel-core-processor-3.22.0.jar:/home/noida/.m2/repository/org/apache/camel/camel-management-api/3.22.0/camel-management-api-3.22.0.jar:/home/noida/.m2/repository/org/apache/camel/camel-support/3.22.0/camel-support-3.22.0.jar:/home/noida/.m2/repository/org/apache/camel/camel-util-json/3.22.0/camel-util-json-3.22.0.jar:/home/noida/.m2/repository/org/apache/camel/camel-util/3.22.0/camel-util-3.22.0.jar:/home/noida/.m2/repository/com/fasterxml/jackson/core/jackson-databind/2.14.3/jackson-databind-2.14.3.jar:/home/noida/.m2/repository/com/fasterxml/jackson/core/jackson-annotations/2.14.3/jackson-annotations-2.14.3.jar:/home/noida/.m2/repository/com/fasterxml/jackson/core/jackson-core/2.14.3/jackson-core-2.14.3.jar:/home/noida/.m2/repository/junit/junit/4.11/junit-4.11.jar:/home/noida/.m2/repository/org/hamcrest/hamcrest-core/1.3/hamcrest-core-1.3.jar:"/>
    <property name="sun.cpu.endian" value="little"/>
    <property name="user.home" value="/home/noida"/>
    <property name="user.language" value="en"/>
    <property name="java.specification.vendor" value="Oracle Corporation"/>
    <property name="java.version.date" value="2023-10-17"/>
    <property name="java.home" value="/usr/lib/jvm/java-17-openjdk-amd64"/>
    <property name="file.separator" value="/"/>
    <property name="basedir" value="/home/noida/eclipse-workspace/test"/>
    <property name="java.vm.compressedOopsMode" value="32-bit"/>
    <property name="line.separator" value="&#10;"/>
    <property name="java.specification.name" value="Java Platform API Specification"/>
    <property name="java.vm.specification.vendor" value="Oracle Corporation"/>
    <property name="surefire.real.class.path" value="/home/noida/eclipse-workspace/test/target/surefire/surefirebooter16272781789291953372.jar"/>
    <property name="sun.management.compiler" value="HotSpot 64-Bit Tiered Compilers"/>
    <property name="java.runtime.version" value="17.0.9+9-Ubuntu-120.04"/>
    <property name="user.name" value="noida"/>
    <property name="path.separator" value=":"/>
    <property name="os.version" value="5.15.0-94-generic"/>
    <property name="java.runtime.name" value="OpenJDK Runtime Environment"/>
    <property name="file.encoding" value="UTF-8"/>
    <property name="java.vm.name" value="OpenJDK 64-Bit Server VM"/>
    <property name="localRepository" value="/home/noida/.m2/repository"/>
    <property name="java.vendor.url.bug" value="Unknown"/>
    <property name="java.io.tmpdir" value="/tmp"/>
    <property name="sonar.token" value="sqp_8b12b45341d5069b6e8d30de6b7c35c81283eb2d"/>
    <property name="java.version" value="17.0.9"/>
    <property name="user.dir" value="/home/noida/eclipse-workspace/test"/>
    <property name="os.arch" value="amd64"/>
    <property name="java.vm.specification.name" value="Java Virtual Machine Specification"/>
    <property name="native.encoding" value="UTF-8"/>
    <property name="sonar.projectKey" value="ritesh"/>
    <property name="java.library.path" value="/usr/java/packages/lib:/usr/lib/x86_64-linux-gnu/jni:/lib/x86_64-linux-gnu:/usr/lib/x86_64-linux-gnu:/usr/lib/jni:/lib:/usr/lib"/>
    <property name="java.vm.info" value="mixed mode, sharing"/>
    <property name="java.vendor" value="Private Build"/>
    <property name="java.vm.version" value="17.0.9+9-Ubuntu-120.04"/>
    <property name="sun.io.unicode.encoding" value="UnicodeLittle"/>
    <property name="java.class.version" value="61.0"/>
  </properties>
  <testcase name="shouldAnswerWithTrue" classname="com.test.AppTest" time="0.002"/>
</testsuite>