<?xml version="1.0" encoding="UTF-8"?>
<testsuite xmlns:xsi="http://www.w3.org/2001/XMLSchema-instance" xsi:noNamespaceSchemaLocation="https://maven.apache.org/surefire/maven-surefire-plugin/xsd/surefire-test-report.xsd" name="com.servlet.com.infispan.AppTest" time="0.078" tests="1" errors="0" skipped="0" failures="0">
  <properties>
    <property name="java.specification.version" value="17"/>
    <property name="sun.jnu.encoding" value="UTF-8"/>
    <property name="java.class.path" value="/home/noida/eclipse-workspace/infispan/target/test-classes:/home/noida/eclipse-workspace/infispan/target/classes:/home/noida/.m2/repository/org/infinispan/infinispan-client-hotrod/14.0.0.Final/infinispan-client-hotrod-14.0.0.Final.jar:/home/noida/.m2/repository/org/infinispan/infinispan-commons/14.0.0.Final/infinispan-commons-14.0.0.Final.jar:/home/noida/.m2/repository/org/wildfly/security/wildfly-elytron-sasl-digest/1.20.1.Final/wildfly-elytron-sasl-digest-1.20.1.Final.jar:/home/noida/.m2/repository/org/wildfly/security/wildfly-elytron-auth-server/1.20.1.Final/wildfly-elytron-auth-server-1.20.1.Final.jar:/home/noida/.m2/repository/org/wildfly/security/wildfly-elytron-auth/1.20.1.Final/wildfly-elytron-auth-1.20.1.Final.jar:/home/noida/.m2/repository/org/wildfly/security/wildfly-elytron-base/1.20.1.Final/wildfly-elytron-base-1.20.1.Final.jar:/home/noida/.m2/repository/org/wildfly/security/wildfly-elytron-permission/1.20.1.Final/wildfly-elytron-permission-1.20.1.Final.jar:/home/noida/.m2/repository/org/wildfly/security/wildfly-elytron-x500/1.20.1.Final/wildfly-elytron-x500-1.20.1.Final.jar:/home/noida/.m2/repository/org/wildfly/security/wildfly-elytron-credential/1.20.1.Final/wildfly-elytron-credential-1.20.1.Final.jar:/home/noida/.m2/repository/org/wildfly/security/wildfly-elytron-keystore/1.20.1.Final/wildfly-elytron-keystore-1.20.1.Final.jar:/home/noida/.m2/repository/org/wildfly/security/wildfly-elytron-x500-cert/1.20.1.Final/wildfly-elytron-x500-cert-1.20.1.Final.jar:/home/noida/.m2/repository/org/wildfly/security/wildfly-elytron-x500-cert-util/1.20.1.Final/wildfly-elytron-x500-cert-util-1.20.1.Final.jar:/home/noida/.m2/repository/org/apache/sshd/sshd-common/2.7.0/sshd-common-2.7.0.jar:/home/noida/.m2/repository/org/slf4j/slf4j-api/1.7.30/slf4j-api-1.7.30.jar:/home/noida/.m2/repository/org/slf4j/jcl-over-slf4j/1.7.30/jcl-over-slf4j-1.7.30.jar:/home/noida/.m2/repository/org/wildfly/security/wildfly-elytron-provider-util/1.20.1.Final/wildfly-elytron-provider-util-1.20.1.Final.jar:/home/noida/.m2/repository/org/wildfly/security/wildfly-elytron-mechanism/1.20.1.Final/wildfly-elytron-mechanism-1.20.1.Final.jar:/home/noida/.m2/repository/org/wildfly/security/wildfly-elytron-http/1.20.1.Final/wildfly-elytron-http-1.20.1.Final.jar:/home/noida/.m2/repository/org/wildfly/security/wildfly-elytron-mechanism-digest/1.20.1.Final/wildfly-elytron-mechanism-digest-1.20.1.Final.jar:/home/noida/.m2/repository/org/wildfly/security/wildfly-elytron-sasl/1.20.1.Final/wildfly-elytron-sasl-1.20.1.Final.jar:/home/noida/.m2/repository/org/wildfly/security/wildfly-elytron-ssl/1.20.1.Final/wildfly-elytron-ssl-1.20.1.Final.jar:/home/noida/.m2/repository/org/wildfly/security/wildfly-elytron-util/1.20.1.Final/wildfly-elytron-util-1.20.1.Final.jar:/home/noida/.m2/repository/org/wildfly/common/wildfly-common/1.5.4.Final/wildfly-common-1.5.4.Final.jar:/home/noida/.m2/repository/org/wildfly/security/wildfly-elytron-sasl-external/1.20.1.Final/wildfly-elytron-sasl-external-1.20.1.Final.jar:/home/noida/.m2/repository/org/wildfly/security/wildfly-elytron-sasl-gs2/1.20.1.Final/wildfly-elytron-sasl-gs2-1.20.1.Final.jar:/home/noida/.m2/repository/org/wildfly/security/wildfly-elytron-asn1/1.20.1.Final/wildfly-elytron-asn1-1.20.1.Final.jar:/home/noida/.m2/repository/org/wildfly/security/wildfly-elytron-mechanism-gssapi/1.20.1.Final/wildfly-elytron-mechanism-gssapi-1.20.1.Final.jar:/home/noida/.m2/repository/org/wildfly/security/wildfly-elytron-security-manager-action/1.20.1.Final/wildfly-elytron-security-manager-action-1.20.1.Final.jar:/home/noida/.m2/repository/org/wildfly/security/wildfly-elytron-sasl-gssapi/1.20.1.Final/wildfly-elytron-sasl-gssapi-1.20.1.Final.jar:/home/noida/.m2/repository/org/wildfly/security/wildfly-elytron-sasl-oauth2/1.20.1.Final/wildfly-elytron-sasl-oauth2-1.20.1.Final.jar:/home/noida/.m2/repository/org/wildfly/security/wildfly-elytron-mechanism-oauth2/1.20.1.Final/wildfly-elytron-mechanism-oauth2-1.20.1.Final.jar:/home/noida/.m2/repository/org/wildfly/security/wildfly-elytron-sasl-plain/1.20.1.Final/wildfly-elytron-sasl-plain-1.20.1.Final.jar:/home/noida/.m2/repository/org/wildfly/security/wildfly-elytron-sasl-scram/1.20.1.Final/wildfly-elytron-sasl-scram-1.20.1.Final.jar:/home/noida/.m2/repository/org/wildfly/security/wildfly-elytron-mechanism-scram/1.20.1.Final/wildfly-elytron-mechanism-scram-1.20.1.Final.jar:/home/noida/.m2/repository/org/wildfly/security/wildfly-elytron-password-impl/1.20.1.Final/wildfly-elytron-password-impl-1.20.1.Final.jar:/home/noida/.m2/repository/io/netty/netty-handler/4.1.82.Final/netty-handler-4.1.82.Final.jar:/home/noida/.m2/repository/io/netty/netty-common/4.1.82.Final/netty-common-4.1.82.Final.jar:/home/noida/.m2/repository/io/netty/netty-resolver/4.1.82.Final/netty-resolver-4.1.82.Final.jar:/home/noida/.m2/repository/io/netty/netty-buffer/4.1.82.Final/netty-buffer-4.1.82.Final.jar:/home/noida/.m2/repository/io/netty/netty-transport/4.1.82.Final/netty-transport-4.1.82.Final.jar:/home/noida/.m2/repository/io/netty/netty-transport-native-unix-common/4.1.82.Final/netty-transport-native-unix-common-4.1.82.Final.jar:/home/noida/.m2/repository/io/netty/netty-codec/4.1.82.Final/netty-codec-4.1.82.Final.jar:/home/noida/.m2/repository/io/reactivex/rxjava3/rxjava/3.1.4/rxjava-3.1.4.jar:/home/noida/.m2/repository/org/reactivestreams/reactive-streams/1.0.3/reactive-streams-1.0.3.jar:/home/noida/.m2/repository/io/netty/netty-transport-native-epoll/4.1.82.Final/netty-transport-native-epoll-4.1.82.Final-linux-x86_64.jar:/home/noida/.m2/repository/io/netty/netty-transport-classes-epoll/4.1.82.Final/netty-transport-classes-epoll-4.1.82.Final.jar:/home/noida/.m2/repository/io/netty/netty-transport-native-epoll/4.1.82.Final/netty-transport-native-epoll-4.1.82.Final-linux-aarch_64.jar:/home/noida/.m2/repository/jakarta/transaction/jakarta.transaction-api/1.3.3/jakarta.transaction-api-1.3.3.jar:/home/noida/.m2/repository/org/infinispan/infinispan-core/14.0.7.Final/infinispan-core-14.0.7.Final.jar:/home/noida/.m2/repository/org/infinispan/protostream/protostream/4.6.1.Final/protostream-4.6.1.Final.jar:/home/noida/.m2/repository/com/squareup/protoparser/4.0.3/protoparser-4.0.3.jar:/home/noida/.m2/repository/com/fasterxml/jackson/core/jackson-core/2.14.1/jackson-core-2.14.1.jar:/home/noida/.m2/repository/org/javassist/javassist/3.29.1-GA/javassist-3.29.1-GA.jar:/home/noida/.m2/repository/org/infinispan/protostream/protostream-types/4.6.1.Final/protostream-types-4.6.1.Final.jar:/home/noida/.m2/repository/org/jgroups/jgroups/5.2.12.Final/jgroups-5.2.12.Final.jar:/home/noida/.m2/repository/org/jboss/byteman/byteman-bmunit/4.0.20/byteman-bmunit-4.0.20.jar:/home/noida/.m2/repository/org/jboss/byteman/byteman/4.0.20/byteman-4.0.20.jar:/home/noida/.m2/repository/org/jboss/byteman/byteman-submit/4.0.20/byteman-submit-4.0.20.jar:/home/noida/.m2/repository/org/jboss/byteman/byteman-install/4.0.20/byteman-install-4.0.20.jar:/home/noida/.m2/repository/com/github/ben-manes/caffeine/caffeine/3.1.1/caffeine-3.1.1.jar:/home/noida/.m2/repository/org/jboss/logging/jboss-logging/3.5.0.Final/jboss-logging-3.5.0.Final.jar:/home/noida/.m2/repository/org/jboss/threads/jboss-threads/2.3.3.Final/jboss-threads-2.3.3.Final.jar:/home/noida/.m2/repository/junit/junit/4.11/junit-4.11.jar:/home/noida/.m2/repository/org/hamcrest/hamcrest-core/1.3/hamcrest-core-1.3.jar:"/>
    <property name="java.vm.vendor" value="Private Build"/>
    <property name="sun.arch.data.model" value="64"/>
    <property name="java.vendor.url" value="Unknown"/>
    <property name="os.name" value="Linux"/>
    <property name="java.vm.specification.version" value="17"/>
    <property name="sun.java.launcher" value="SUN_STANDARD"/>
    <property name="user.country" value="IN"/>
    <property name="sun.boot.library.path" value="/usr/lib/jvm/java-17-openjdk-amd64/lib"/>
    <property name="sun.java.command" value="/home/noida/eclipse-workspace/infispan/target/surefire/surefirebooter9445438369346656490.jar /home/noida/eclipse-workspace/infispan/target/surefire 2024-03-07T16-57-51_718-jvmRun1 surefire8270670088506695424tmp surefire_07857282137086429465tmp"/>
    <property name="jdk.debug" value="release"/>
    <property name="surefire.test.class.path" value="/home/noida/eclipse-workspace/infispan/target/test-classes:/home/noida/eclipse-workspace/infispan/target/classes:/home/noida/.m2/repository/org/infinispan/infinispan-client-hotrod/14.0.0.Final/infinispan-client-hotrod-14.0.0.Final.jar:/home/noida/.m2/repository/org/infinispan/infinispan-commons/14.0.0.Final/infinispan-commons-14.0.0.Final.jar:/home/noida/.m2/repository/org/wildfly/security/wildfly-elytron-sasl-digest/1.20.1.Final/wildfly-elytron-sasl-digest-1.20.1.Final.jar:/home/noida/.m2/repository/org/wildfly/security/wildfly-elytron-auth-server/1.20.1.Final/wildfly-elytron-auth-server-1.20.1.Final.jar:/home/noida/.m2/repository/org/wildfly/security/wildfly-elytron-auth/1.20.1.Final/wildfly-elytron-auth-1.20.1.Final.jar:/home/noida/.m2/repository/org/wildfly/security/wildfly-elytron-base/1.20.1.Final/wildfly-elytron-base-1.20.1.Final.jar:/home/noida/.m2/repository/org/wildfly/security/wildfly-elytron-permission/1.20.1.Final/wildfly-elytron-permission-1.20.1.Final.jar:/home/noida/.m2/repository/org/wildfly/security/wildfly-elytron-x500/1.20.1.Final/wildfly-elytron-x500-1.20.1.Final.jar:/home/noida/.m2/repository/org/wildfly/security/wildfly-elytron-credential/1.20.1.Final/wildfly-elytron-credential-1.20.1.Final.jar:/home/noida/.m2/repository/org/wildfly/security/wildfly-elytron-keystore/1.20.1.Final/wildfly-elytron-keystore-1.20.1.Final.jar:/home/noida/.m2/repository/org/wildfly/security/wildfly-elytron-x500-cert/1.20.1.Final/wildfly-elytron-x500-cert-1.20.1.Final.jar:/home/noida/.m2/repository/org/wildfly/security/wildfly-elytron-x500-cert-util/1.20.1.Final/wildfly-elytron-x500-cert-util-1.20.1.Final.jar:/home/noida/.m2/repository/org/apache/sshd/sshd-common/2.7.0/sshd-common-2.7.0.jar:/home/noida/.m2/repository/org/slf4j/slf4j-api/1.7.30/slf4j-api-1.7.30.jar:/home/noida/.m2/repository/org/slf4j/jcl-over-slf4j/1.7.30/jcl-over-slf4j-1.7.30.jar:/home/noida/.m2/repository/org/wildfly/security/wildfly-elytron-provider-util/1.20.1.Final/wildfly-elytron-provider-util-1.20.1.Final.jar:/home/noida/.m2/repository/org/wildfly/security/wildfly-elytron-mechanism/1.20.1.Final/wildfly-elytron-mechanism-1.20.1.Final.jar:/home/noida/.m2/repository/org/wildfly/security/wildfly-elytron-http/1.20.1.Final/wildfly-elytron-http-1.20.1.Final.jar:/home/noida/.m2/repository/org/wildfly/security/wildfly-elytron-mechanism-digest/1.20.1.Final/wildfly-elytron-mechanism-digest-1.20.1.Final.jar:/home/noida/.m2/repository/org/wildfly/security/wildfly-elytron-sasl/1.20.1.Final/wildfly-elytron-sasl-1.20.1.Final.jar:/home/noida/.m2/repository/org/wildfly/security/wildfly-elytron-ssl/1.20.1.Final/wildfly-elytron-ssl-1.20.1.Final.jar:/home/noida/.m2/repository/org/wildfly/security/wildfly-elytron-util/1.20.1.Final/wildfly-elytron-util-1.20.1.Final.jar:/home/noida/.m2/repository/org/wildfly/common/wildfly-common/1.5.4.Final/wildfly-common-1.5.4.Final.jar:/home/noida/.m2/repository/org/wildfly/security/wildfly-elytron-sasl-external/1.20.1.Final/wildfly-elytron-sasl-external-1.20.1.Final.jar:/home/noida/.m2/repository/org/wildfly/security/wildfly-elytron-sasl-gs2/1.20.1.Final/wildfly-elytron-sasl-gs2-1.20.1.Final.jar:/home/noida/.m2/repository/org/wildfly/security/wildfly-elytron-asn1/1.20.1.Final/wildfly-elytron-asn1-1.20.1.Final.jar:/home/noida/.m2/repository/org/wildfly/security/wildfly-elytron-mechanism-gssapi/1.20.1.Final/wildfly-elytron-mechanism-gssapi-1.20.1.Final.jar:/home/noida/.m2/repository/org/wildfly/security/wildfly-elytron-security-manager-action/1.20.1.Final/wildfly-elytron-security-manager-action-1.20.1.Final.jar:/home/noida/.m2/repository/org/wildfly/security/wildfly-elytron-sasl-gssapi/1.20.1.Final/wildfly-elytron-sasl-gssapi-1.20.1.Final.jar:/home/noida/.m2/repository/org/wildfly/security/wildfly-elytron-sasl-oauth2/1.20.1.Final/wildfly-elytron-sasl-oauth2-1.20.1.Final.jar:/home/noida/.m2/repository/org/wildfly/security/wildfly-elytron-mechanism-oauth2/1.20.1.Final/wildfly-elytron-mechanism-oauth2-1.20.1.Final.jar:/home/noida/.m2/repository/org/wildfly/security/wildfly-elytron-sasl-plain/1.20.1.Final/wildfly-elytron-sasl-plain-1.20.1.Final.jar:/home/noida/.m2/repository/org/wildfly/security/wildfly-elytron-sasl-scram/1.20.1.Final/wildfly-elytron-sasl-scram-1.20.1.Final.jar:/home/noida/.m2/repository/org/wildfly/security/wildfly-elytron-mechanism-scram/1.20.1.Final/wildfly-elytron-mechanism-scram-1.20.1.Final.jar:/home/noida/.m2/repository/org/wildfly/security/wildfly-elytron-password-impl/1.20.1.Final/wildfly-elytron-password-impl-1.20.1.Final.jar:/home/noida/.m2/repository/io/netty/netty-handler/4.1.82.Final/netty-handler-4.1.82.Final.jar:/home/noida/.m2/repository/io/netty/netty-common/4.1.82.Final/netty-common-4.1.82.Final.jar:/home/noida/.m2/repository/io/netty/netty-resolver/4.1.82.Final/netty-resolver-4.1.82.Final.jar:/home/noida/.m2/repository/io/netty/netty-buffer/4.1.82.Final/netty-buffer-4.1.82.Final.jar:/home/noida/.m2/repository/io/netty/netty-transport/4.1.82.Final/netty-transport-4.1.82.Final.jar:/home/noida/.m2/repository/io/netty/netty-transport-native-unix-common/4.1.82.Final/netty-transport-native-unix-common-4.1.82.Final.jar:/home/noida/.m2/repository/io/netty/netty-codec/4.1.82.Final/netty-codec-4.1.82.Final.jar:/home/noida/.m2/repository/io/reactivex/rxjava3/rxjava/3.1.4/rxjava-3.1.4.jar:/home/noida/.m2/repository/org/reactivestreams/reactive-streams/1.0.3/reactive-streams-1.0.3.jar:/home/noida/.m2/repository/io/netty/netty-transport-native-epoll/4.1.82.Final/netty-transport-native-epoll-4.1.82.Final-linux-x86_64.jar:/home/noida/.m2/repository/io/netty/netty-transport-classes-epoll/4.1.82.Final/netty-transport-classes-epoll-4.1.82.Final.jar:/home/noida/.m2/repository/io/netty/netty-transport-native-epoll/4.1.82.Final/netty-transport-native-epoll-4.1.82.Final-linux-aarch_64.jar:/home/noida/.m2/repository/jakarta/transaction/jakarta.transaction-api/1.3.3/jakarta.transaction-api-1.3.3.jar:/home/noida/.m2/repository/org/infinispan/infinispan-core/14.0.7.Final/infinispan-core-14.0.7.Final.jar:/home/noida/.m2/repository/org/infinispan/protostream/protostream/4.6.1.Final/protostream-4.6.1.Final.jar:/home/noida/.m2/repository/com/squareup/protoparser/4.0.3/protoparser-4.0.3.jar:/home/noida/.m2/repository/com/fasterxml/jackson/core/jackson-core/2.14.1/jackson-core-2.14.1.jar:/home/noida/.m2/repository/org/javassist/javassist/3.29.1-GA/javassist-3.29.1-GA.jar:/home/noida/.m2/repository/org/infinispan/protostream/protostream-types/4.6.1.Final/protostream-types-4.6.1.Final.jar:/home/noida/.m2/repository/org/jgroups/jgroups/5.2.12.Final/jgroups-5.2.12.Final.jar:/home/noida/.m2/repository/org/jboss/byteman/byteman-bmunit/4.0.20/byteman-bmunit-4.0.20.jar:/home/noida/.m2/repository/org/jboss/byteman/byteman/4.0.20/byteman-4.0.20.jar:/home/noida/.m2/repository/org/jboss/byteman/byteman-submit/4.0.20/byteman-submit-4.0.20.jar:/home/noida/.m2/repository/org/jboss/byteman/byteman-install/4.0.20/byteman-install-4.0.20.jar:/home/noida/.m2/repository/com/github/ben-manes/caffeine/caffeine/3.1.1/caffeine-3.1.1.jar:/home/noida/.m2/repository/org/jboss/logging/jboss-logging/3.5.0.Final/jboss-logging-3.5.0.Final.jar:/home/noida/.m2/repository/org/jboss/threads/jboss-threads/2.3.3.Final/jboss-threads-2.3.3.Final.jar:/home/noida/.m2/repository/junit/junit/4.11/junit-4.11.jar:/home/noida/.m2/repository/org/hamcrest/hamcrest-core/1.3/hamcrest-core-1.3.jar:"/>
    <property name="sun.cpu.endian" value="little"/>
    <property name="user.home" value="/home/noida"/>
    <property name="user.language" value="en"/>
    <property name="java.specification.vendor" value="Oracle Corporation"/>
    <property name="java.version.date" value="2023-10-17"/>
    <property name="java.home" value="/usr/lib/jvm/java-17-openjdk-amd64"/>
    <property name="file.separator" value="/"/>
    <property name="style.color" value="always"/>
    <property name="basedir" value="/home/noida/eclipse-workspace/infispan"/>
    <property name="java.vm.compressedOopsMode" value="32-bit"/>
    <property name="line.separator" value="&#10;"/>
    <property name="java.vm.specification.vendor" value="Oracle Corporation"/>
    <property name="java.specification.name" value="Java Platform API Specification"/>
    <property name="surefire.real.class.path" value="/home/noida/eclipse-workspace/infispan/target/surefire/surefirebooter9445438369346656490.jar"/>
    <property name="sun.management.compiler" value="HotSpot 64-Bit Tiered Compilers"/>
    <property name="java.runtime.version" value="17.0.9+9-Ubuntu-120.04"/>
    <property name="user.name" value="noida"/>
    <property name="path.separator" value=":"/>
    <property name="os.version" value="5.15.0-94-generic"/>
    <property name="java.runtime.name" value="OpenJDK Runtime Environment"/>
    <property name="file.encoding" value="UTF-8"/>
    <property name="java.vm.name" value="OpenJDK 64-Bit Server VM"/>
    <property name="localRepository" value="/home/noida/.m2/repository"/>
    <property name="java.vendor.url.bug" value="Unknown"/>
    <property name="java.io.tmpdir" value="/tmp"/>
    <property name="java.version" value="17.0.9"/>
    <property name="user.dir" value="/home/noida/eclipse-workspace/infispan"/>
    <property name="os.arch" value="amd64"/>
    <property name="java.vm.specification.name" value="Java Virtual Machine Specification"/>
    <property name="native.encoding" value="UTF-8"/>
    <property name="java.library.path" value="/usr/java/packages/lib:/usr/lib/x86_64-linux-gnu/jni:/lib/x86_64-linux-gnu:/usr/lib/x86_64-linux-gnu:/usr/lib/jni:/lib:/usr/lib"/>
    <property name="java.vm.info" value="mixed mode, sharing"/>
    <property name="java.vendor" value="Private Build"/>
    <property name="java.vm.version" value="17.0.9+9-Ubuntu-120.04"/>
    <property name="sun.io.unicode.encoding" value="UnicodeLittle"/>
    <property name="java.class.version" value="61.0"/>
  </properties>
  <testcase name="shouldAnswerWithTrue" classname="com.servlet.com.infispan.AppTest" time="0.003"/>
</testsuite>